<?xml version="1.0" encoding="UTF-8"?>
<testng-results ignored="0" total="2" passed="2" failed="0" skipped="0">
  <reporter-output>
  </reporter-output>
  <suite started-at="2018-07-19T09:04:39Z" name="Suite" finished-at="2018-07-19T09:04:40Z" duration-ms="36">
    <groups>
    </groups>
    <test started-at="2018-07-19T09:04:39Z" name="Test" finished-at="2018-07-19T09:04:40Z" duration-ms="36">
      <class name="com.TestNGExecution">
        <test-method is-config="true" signature="beforeSuite()[pri:0, instance:com.TestNGExecution@6d763516]" started-at="2018-07-19T09:04:39Z" name="beforeSuite" finished-at="2018-07-19T09:04:39Z" duration-ms="20" status="PASS">
          <reporter-output>
          </reporter-output>
        </test-method> <!-- beforeSuite -->
        <test-method is-config="true" signature="beforeTest()[pri:0, instance:com.TestNGExecution@6d763516]" started-at="2018-07-19T09:04:39Z" name="beforeTest" finished-at="2018-07-19T09:04:39Z" duration-ms="1" status="PASS">
          <reporter-output>
          </reporter-output>
        </test-method> <!-- beforeTest -->
        <test-method is-config="true" signature="beforeClass()[pri:0, instance:com.TestNGExecution@6d763516]" started-at="2018-07-19T09:04:39Z" name="beforeClass" finished-at="2018-07-19T09:04:39Z" duration-ms="1" status="PASS">
          <reporter-output>
          </reporter-output>
        </test-method> <!-- beforeClass -->
        <test-method is-config="true" signature="beforeMethod()[pri:0, instance:com.TestNGExecution@6d763516]" started-at="2018-07-19T09:04:40Z" name="beforeMethod" finished-at="2018-07-19T09:04:40Z" duration-ms="1" status="PASS">
          <reporter-output>
          </reporter-output>
        </test-method> <!-- beforeMethod -->
        <test-method signature="f1()[pri:0, instance:com.TestNGExecution@6d763516]" started-at="2018-07-19T09:04:40Z" name="f1" finished-at="2018-07-19T09:04:40Z" duration-ms="0" status="PASS">
          <reporter-output>
          </reporter-output>
        </test-method> <!-- f1 -->
        <test-method is-config="true" signature="afterMethod()[pri:0, instance:com.TestNGExecution@6d763516]" started-at="2018-07-19T09:04:40Z" name="afterMethod" finished-at="2018-07-19T09:04:40Z" duration-ms="0" status="PASS">
          <reporter-output>
          </reporter-output>
        </test-method> <!-- afterMethod -->
        <test-method is-config="true" signature="beforeMethod()[pri:0, instance:com.TestNGExecution@6d763516]" started-at="2018-07-19T09:04:40Z" name="beforeMethod" finished-at="2018-07-19T09:04:40Z" duration-ms="0" status="PASS">
          <reporter-output>
          </reporter-output>
        </test-method> <!-- beforeMethod -->
        <test-method signature="f2()[pri:0, instance:com.TestNGExecution@6d763516]" started-at="2018-07-19T09:04:40Z" name="f2" finished-at="2018-07-19T09:04:40Z" duration-ms="0" status="PASS">
          <reporter-output>
          </reporter-output>
        </test-method> <!-- f2 -->
        <test-method is-config="true" signature="afterMethod()[pri:0, instance:com.TestNGExecution@6d763516]" started-at="2018-07-19T09:04:40Z" name="afterMethod" finished-at="2018-07-19T09:04:40Z" duration-ms="0" status="PASS">
          <reporter-output>
          </reporter-output>
        </test-method> <!-- afterMethod -->
        <test-method is-config="true" signature="afterClass()[pri:0, instance:com.TestNGExecution@6d763516]" started-at="2018-07-19T09:04:40Z" name="afterClass" finished-at="2018-07-19T09:04:40Z" duration-ms="1" status="PASS">
          <reporter-output>
          </reporter-output>
        </test-method> <!-- afterClass -->
        <test-method is-config="true" signature="afterTest()[pri:0, instance:com.TestNGExecution@6d763516]" started-at="2018-07-19T09:04:40Z" name="afterTest" finished-at="2018-07-19T09:04:40Z" duration-ms="1" status="PASS">
          <reporter-output>
          </reporter-output>
        </test-method> <!-- afterTest -->
        <test-method is-config="true" signature="afterSuite()[pri:0, instance:com.TestNGExecution@6d763516]" started-at="2018-07-19T09:04:40Z" name="afterSuite" finished-at="2018-07-19T09:04:40Z" duration-ms="1" status="PASS">
          <reporter-output>
          </reporter-output>
        </test-method> <!-- afterSuite -->
      </class> <!-- com.TestNGExecution -->
    </test> <!-- Test -->
  </suite> <!-- Suite -->
</testng-results>
